[0.104s] Invoking command in '/home/root/voxl-mpa-to-ros2/colcon_ws/build/px4_msgs': CMAKE_PREFIX_PATH=${CMAKE_PREFIX_PATH}:/home/root/voxl-mpa-to-ros2/colcon_ws/install/voxl_offboard_figure8 SHLVL=3 _=/usr/bin/env /usr/bin/cmake --build /home/root/voxl-mpa-to-ros2/colcon_ws/build/px4_msgs -- -j8 -l8
[0.820s] [  0%] Built target px4_msgs__cpp
[0.845s] [ 12%] Built target px4_msgs__rosidl_generator_c
[1.005s] [ 25%] Built target px4_msgs__rosidl_typesupport_introspection_cpp
[1.030s] [ 38%] Built target px4_msgs__rosidl_typesupport_c
[1.037s] [ 50%] Built target px4_msgs__rosidl_typesupport_fastrtps_cpp
[1.063s] [ 63%] Built target px4_msgs__rosidl_typesupport_introspection_c
[1.074s] [ 75%] Built target px4_msgs__rosidl_typesupport_cpp
[1.213s] [ 88%] Built target px4_msgs__rosidl_typesupport_fastrtps_c
[1.323s] [ 88%] Built target px4_msgs
[1.426s] [ 88%] Built target px4_msgs__py
[1.700s] [100%] Built target px4_msgs__python
[1.784s] [100%] Built target px4_msgs__rosidl_typesupport_c__pyext
[1.789s] [100%] Built target px4_msgs__rosidl_typesupport_introspection_c__pyext
[1.828s] [100%] Built target px4_msgs__rosidl_typesupport_fastrtps_c__pyext
[1.863s] Invoked command in '/home/root/voxl-mpa-to-ros2/colcon_ws/build/px4_msgs' returned '0': CMAKE_PREFIX_PATH=${CMAKE_PREFIX_PATH}:/home/root/voxl-mpa-to-ros2/colcon_ws/install/voxl_offboard_figure8 SHLVL=3 _=/usr/bin/env /usr/bin/cmake --build /home/root/voxl-mpa-to-ros2/colcon_ws/build/px4_msgs -- -j8 -l8
[3.641s] Traceback (most recent call last):
  File "/usr/lib/python3/dist-packages/colcon_parallel_executor/executor/parallel.py", line 75, in execute
    loop.run_until_complete(future)
  File "/usr/lib/python3.6/asyncio/base_events.py", line 471, in run_until_complete
    self.run_forever()
  File "/usr/lib/python3.6/asyncio/base_events.py", line 438, in run_forever
    self._run_once()
  File "/usr/lib/python3.6/asyncio/base_events.py", line 1415, in _run_once
    event_list = self._selector.select(timeout)
  File "/usr/lib/python3.6/selectors.py", line 445, in select
    fd_event_list = self._epoll.poll(timeout, max_ev)
KeyboardInterrupt

During handling of the above exception, another exception occurred:

Traceback (most recent call last):
  File "/usr/lib/python3/dist-packages/colcon_core/executor/__init__.py", line 91, in __call__
    rc = await self.task(*args, **kwargs)
  File "/usr/lib/python3/dist-packages/colcon_core/task/__init__.py", line 93, in __call__
    return await task_method(*args, **kwargs)
  File "/usr/lib/python3/dist-packages/colcon_ros/task/ament_cmake/build.py", line 61, in build
    environment_callback=add_app_to_cpp)
  File "/usr/lib/python3/dist-packages/colcon_cmake/task/cmake/build.py", line 110, in build
    if await has_target(args.build_base, 'install'):
  File "/usr/lib/python3/dist-packages/colcon_cmake/task/cmake/__init__.py", line 57, in has_target
    return target in await get_makefile_targets(path)
  File "/usr/lib/python3/dist-packages/colcon_cmake/task/cmake/__init__.py", line 78, in get_makefile_targets
    CMAKE_EXECUTABLE, '--build', path, '--target', 'help'], cwd=path)
  File "/usr/lib/python3/dist-packages/colcon_core/subprocess.py", line 129, in check_output
    assert not rc, f'Expected {args} to pass: {stderr_data}'
AssertionError: Expected ['/usr/bin/cmake', '--build', '/home/root/voxl-mpa-to-ros2/colcon_ws/build/px4_msgs', '--target', 'help'] to pass: make: *** [help] Interrupt

